Iniciado 07/03/2021 00:00:12
Texto de entrada: s
Texto Cifrado: H
Texto de entrada: H
Texto Cifrado: U
Iniciado 07/03/2021 00:06:21
Texto de entrada: teste
Texto Cifrado: GVHGV
Texto de entrada: GVHGV
Texto Cifrado: CWBCW
Iniciado 07/03/2021 00:07:03
Texto de entrada: fatec
Texto Cifrado: UZGVX
Texto de entrada: UZGVX
Texto Cifrado: FATEC
Texto de entrada: FATEC
Texto Cifrado: UZGVX
Texto de entrada: UZGVX
Texto Cifrado: FATEC
Iniciado 07/03/2021 00:11:14
Texto de entrada: aula de cifras
Texto Cifrado: ZFOZ WV XRUIZH
Texto de entrada: ZFOZ WV XRUIZH
Texto Cifrado: MSBM JI KEHVMU
Texto de entrada: BZMSEA KXADMANA
Texto Cifrado: HSOZNI QUIFOIEI
Texto de entrada: HSOZNI QUIFOIEI
Texto Cifrado: UFBMAV DHVSBVRV
Texto de entrada: UFBMAV DHVSBVRV
Texto Cifrado: FUYNZE WSEHYEIE
Iniciado 07/03/2021 00:13:19
Texto de entrada: BZMSEA KXADMANA
Texto Cifrado: HSOZNI QUIFOIEI
Texto de entrada: HSOZNI QUIFOIEI
Texto Cifrado: UFBMAV DHVSBVRV
Texto de entrada: UFBMAV DHVSBVRV
Texto Cifrado: FUYNZE WSEHYEIE
Iniciado 07/03/2021 00:14:03
Texto de entrada: BZMSEA KXADMANA
Texto Cifrado: YANHVZ PCZWNZMZ
Texto de entrada: YANHVZ PCZWNZMZ
Texto Cifrado: LNAUIM CPMJAMZM
Texto de entrada: LNAUIM CPMJAMZM
Texto Cifrado: PEIXAO GLORIOSO
Iniciado 07/03/2021 00:21:36
Texto de entrada: aula de cifras
Texto Cifrado: ZFOZ WV XRUIZH
Texto de entrada: ZFOZ WV XRUIZH
Texto Cifrado: MSBM JI KEHVMU
Iniciado 07/03/2021 00:26:17
Texto de entrada: aula de cifras
Texto Cifrado: ZFOZ WV XRUIZH
Texto de entrada: ZFOZ WV XRUIZH
Texto Cifrado: MSBM JI KEHVMU
Iniciado 07/03/2021 00:29:29
Texto de entrada: BZMSEA KXADMANA
Texto Cifrado: YANHVZ PCZWNZMZ
Texto de entrada: YANHVZ PCZWNZMZ
Texto Cifrado: LNAUIM CPMJAMZM
Texto de entrada: LNAUIM CPMJAMZM
Texto Cifrado: PEIXAO GLORIOSO
Iniciado 07/03/2021 00:30:15
Texto de entrada: BZMSEA KXADMANA
Texto Cifrado: YANHVZ PCZWNZMZ
Texto de entrada: YANHVZ PCZWNZMZ
Texto Cifrado: LNAUIM CPMJAMZM
Texto de entrada: LNAUIM CPMJAMZM
Texto Cifrado: PEIXAO GLORIOSO
